# JRE version: Java(TM) SE Runtime Environment (8.0_73-b02) (build 1.8.0_73-b02)
# Java VM: Java HotSpot(TM) 64-Bit Server VM (25.73-b02 mixed mode linux-amd64 compressed oops)
Heap:
 PSYoungGen      total 274944K, used 17399K [0x00000000e0000000, 0x00000000f3100000, 0x0000000100000000)
  eden space 257536K, 0% used [0x00000000e0000000,0x00000000e0000000,0x00000000efb80000)
  from space 17408K, 99% used [0x00000000efb80000,0x00000000f0c7dc88,0x00000000f0c80000)
  to   space 14336K, 0% used [0x00000000f0c80000,0x00000000f0c80000,0x00000000f1a80000)
 ParOldGen       total 61440K, used 23323K [0x00000000a0000000, 0x00000000a3c00000, 0x00000000e0000000)
  object space 61440K, 37% used [0x00000000a0000000,0x00000000a16c6ee0,0x00000000a3c00000)
 Metaspace       used 51858K, capacity 53148K, committed 53248K, reserved 1095680K
  class space    used 7024K, capacity 7324K, committed 7424K, reserved 1048576K
GC Heap History (10 events):
Event: 3.555 GC heap after
Heap after GC invocations=6 (full 1):
 PSYoungGen      total 89088K, used 0K [0x00000000e0000000, 0x00000000ebe00000, 0x0000000100000000)
  eden space 86016K, 0% used [0x00000000e0000000,0x00000000e0000000,0x00000000e5400000)
  from space 3072K, 0% used [0x00000000e5400000,0x00000000e5400000,0x00000000e5700000)
  to   space 11264K, 0% used [0x00000000eb300000,0x00000000eb300000,0x00000000ebe00000)
 ParOldGen       total 49152K, used 14742K [0x00000000a0000000, 0x00000000a3000000, 0x00000000e0000000)
  object space 49152K, 29% used [0x00000000a0000000,0x00000000a0e658c0,0x00000000a3000000)
 Metaspace       used 20930K, capacity 21190K, committed 21296K, reserved 1067008K
  class space    used 2860K, capacity 2939K, committed 2944K, reserved 1048576K
}
Event: 5.283 GC heap before
{Heap before GC invocations=7 (full 1):
 PSYoungGen      total 89088K, used 86016K [0x00000000e0000000, 0x00000000ebe00000, 0x0000000100000000)
  eden space 86016K, 100% used [0x00000000e0000000,0x00000000e5400000,0x00000000e5400000)
  from space 3072K, 0% used [0x00000000e5400000,0x00000000e5400000,0x00000000e5700000)
  to   space 11264K, 0% used [0x00000000eb300000,0x00000000eb300000,0x00000000ebe00000)
 ParOldGen       total 49152K, used 14742K [0x00000000a0000000, 0x00000000a3000000, 0x00000000e0000000)
  object space 49152K, 29% used [0x00000000a0000000,0x00000000a0e658c0,0x00000000a3000000)
 Metaspace       used 27207K, capacity 27698K, committed 28160K, reserved 1073152K
  class space    used 3834K, capacity 3969K, committed 4096K, reserved 1048576K
Event: 5.310 GC heap after
Heap after GC invocations=7 (full 1):
 PSYoungGen      total 159232K, used 7530K [0x00000000e0000000, 0x00000000eba80000, 0x0000000100000000)
  eden space 151552K, 0% used [0x00000000e0000000,0x00000000e0000000,0x00000000e9400000)
  from space 7680K, 98% used [0x00000000eb300000,0x00000000eba5aa88,0x00000000eba80000)
  to   space 11776K, 0% used [0x00000000ea380000,0x00000000ea380000,0x00000000eaf00000)
 ParOldGen       total 49152K, used 14750K [0x00000000a0000000, 0x00000000a3000000, 0x00000000e0000000)
  object space 49152K, 30% used [0x00000000a0000000,0x00000000a0e678c0,0x00000000a3000000)
 Metaspace       used 27207K, capacity 27698K, committed 28160K, reserved 1073152K
  class space    used 3834K, capacity 3969K, committed 4096K, reserved 1048576K
}
Event: 8.183 GC heap before
{Heap before GC invocations=8 (full 1):
 PSYoungGen      total 159232K, used 149870K [0x00000000e0000000, 0x00000000eba80000, 0x0000000100000000)
  eden space 151552K, 93% used [0x00000000e0000000,0x00000000e8b01080,0x00000000e9400000)
  from space 7680K, 98% used [0x00000000eb300000,0x00000000eba5aa88,0x00000000eba80000)
  to   space 11776K, 0% used [0x00000000ea380000,0x00000000ea380000,0x00000000eaf00000)
 ParOldGen       total 49152K, used 14750K [0x00000000a0000000, 0x00000000a3000000, 0x00000000e0000000)
  object space 49152K, 30% used [0x00000000a0000000,0x00000000a0e678c0,0x00000000a3000000)
 Metaspace       used 34652K, capacity 35174K, committed 35456K, reserved 1079296K
  class space    used 4762K, capacity 4948K, committed 4992K, reserved 1048576K
Event: 8.241 GC heap after
Heap after GC invocations=8 (full 1):
 PSYoungGen      total 179200K, used 11757K [0x00000000e0000000, 0x00000000f1a80000, 0x0000000100000000)
  eden space 167424K, 0% used [0x00000000e0000000,0x00000000e0000000,0x00000000ea380000)
  from space 11776K, 99% used [0x00000000ea380000,0x00000000eaefb4f8,0x00000000eaf00000)
  to   space 14336K, 0% used [0x00000000f0c80000,0x00000000f0c80000,0x00000000f1a80000)
 ParOldGen       total 49152K, used 15453K [0x00000000a0000000, 0x00000000a3000000, 0x00000000e0000000)
  object space 49152K, 31% used [0x00000000a0000000,0x00000000a0f17698,0x00000000a3000000)
 Metaspace       used 34652K, capacity 35174K, committed 35456K, reserved 1079296K
  class space    used 4762K, capacity 4948K, committed 4992K, reserved 1048576K
}
Event: 8.241 GC heap before
{Heap before GC invocations=9 (full 2):
 PSYoungGen      total 179200K, used 11757K [0x00000000e0000000, 0x00000000f1a80000, 0x0000000100000000)
  eden space 167424K, 0% used [0x00000000e0000000,0x00000000e0000000,0x00000000ea380000)
  from space 11776K, 99% used [0x00000000ea380000,0x00000000eaefb4f8,0x00000000eaf00000)
  to   space 14336K, 0% used [0x00000000f0c80000,0x00000000f0c80000,0x00000000f1a80000)
 ParOldGen       total 49152K, used 15453K [0x00000000a0000000, 0x00000000a3000000, 0x00000000e0000000)
  object space 49152K, 31% used [0x00000000a0000000,0x00000000a0f17698,0x00000000a3000000)
 Metaspace       used 34652K, capacity 35174K, committed 35456K, reserved 1079296K
  class space    used 4762K, capacity 4948K, committed 4992K, reserved 1048576K
Event: 8.405 GC heap after
Heap after GC invocations=9 (full 2):
 PSYoungGen      total 179200K, used 0K [0x00000000e0000000, 0x00000000f1a80000, 0x0000000100000000)
  eden space 167424K, 0% used [0x00000000e0000000,0x00000000e0000000,0x00000000ea380000)
  from space 11776K, 0% used [0x00000000ea380000,0x00000000ea380000,0x00000000eaf00000)
  to   space 14336K, 0% used [0x00000000f0c80000,0x00000000f0c80000,0x00000000f1a80000)
 ParOldGen       total 61440K, used 19506K [0x00000000a0000000, 0x00000000a3c00000, 0x00000000e0000000)
  object space 61440K, 31% used [0x00000000a0000000,0x00000000a130cac8,0x00000000a3c00000)
 Metaspace       used 34652K, capacity 35174K, committed 35456K, reserved 1079296K
  class space    used 4762K, capacity 4948K, committed 4992K, reserved 1048576K
}
Event: 11.746 GC heap before
{Heap before GC invocations=10 (full 2):
 PSYoungGen      total 179200K, used 167424K [0x00000000e0000000, 0x00000000f1a80000, 0x0000000100000000)
  eden space 167424K, 100% used [0x00000000e0000000,0x00000000ea380000,0x00000000ea380000)
  from space 11776K, 0% used [0x00000000ea380000,0x00000000ea380000,0x00000000eaf00000)
  to   space 14336K, 0% used [0x00000000f0c80000,0x00000000f0c80000,0x00000000f1a80000)
 ParOldGen       total 61440K, used 19506K [0x00000000a0000000, 0x00000000a3c00000, 0x00000000e0000000)
  object space 61440K, 31% used [0x00000000a0000000,0x00000000a130cac8,0x00000000a3c00000)
 Metaspace       used 45275K, capacity 46366K, committed 46464K, reserved 1089536K
  class space    used 6263K, capacity 6493K, committed 6528K, reserved 1048576K
Event: 11.831 GC heap after
Heap after GC invocations=10 (full 2):
 PSYoungGen      total 271872K, used 14306K [0x00000000e0000000, 0x00000000f3100000, 0x0000000100000000)
  eden space 257536K, 0% used [0x00000000e0000000,0x00000000e0000000,0x00000000efb80000)
  from space 14336K, 99% used [0x00000000f0c80000,0x00000000f1a78a90,0x00000000f1a80000)
  to   space 17408K, 0% used [0x00000000efb80000,0x00000000efb80000,0x00000000f0c80000)
 ParOldGen       total 61440K, used 21151K [0x00000000a0000000, 0x00000000a3c00000, 0x00000000e0000000)
  object space 61440K, 34% used [0x00000000a0000000,0x00000000a14a7c80,0x00000000a3c00000)
 Metaspace       used 45275K, capacity 46366K, committed 46464K, reserved 1089536K
  class space    used 6263K, capacity 6493K, committed 6528K, reserved 1048576K
}
Event: 17.926 GC heap before
{Heap before GC invocations=11 (full 2):
 PSYoungGen      total 271872K, used 271842K [0x00000000e0000000, 0x00000000f3100000, 0x0000000100000000)
  eden space 257536K, 100% used [0x00000000e0000000,0x00000000efb80000,0x00000000efb80000)
  from space 14336K, 99% used [0x00000000f0c80000,0x00000000f1a78a90,0x00000000f1a80000)
  to   space 17408K, 0% used [0x00000000efb80000,0x00000000efb80000,0x00000000f0c80000)
 ParOldGen       total 61440K, used 21151K [0x00000000a0000000, 0x00000000a3c00000, 0x00000000e0000000)
  object space 61440K, 34% used [0x00000000a0000000,0x00000000a14a7c80,0x00000000a3c00000)
 Metaspace       used 51858K, capacity 53148K, committed 53248K, reserved 1095680K
  class space    used 7024K, capacity 7324K, committed 7424K, reserved 1048576K

